# JRE version: Java(TM) SE Runtime Environment (17.0.12+8) (build 17.0.12+8-LTS-286)
# Java VM: Java HotSpot(TM) 64-Bit Server VM (17.0.12+8-LTS-286, mixed mode, sharing, tiered, compressed oops, compressed class ptrs, g1 gc, windows-amd64)
GC Precious Log:
 CPUs: 12 total, 12 available
 Memory: 7582M
 Large Page Support: Disabled
 NUMA Support: Disabled
 Compressed Oops: Enabled (Zero based)
 Heap Region Size: 4M
 Heap Min Capacity: 8M
 Heap Initial Capacity: 120M
 Heap Max Capacity: 8G
 Pre-touch: Disabled
 Parallel Workers: 10
 Concurrent Workers: 3
 Concurrent Refinement Workers: 10
 Periodic GC: Disabled
Heap:
 garbage-first heap   total 327680K, used 168145K [0x0000000600000000, 0x0000000800000000)
  region size 4096K, 1 young (4096K), 1 survivors (4096K)
 Metaspace       used 152298K, committed 153216K, reserved 1245184K
  class space    used 19340K, committed 19776K, reserved 1048576K
GC Heap History (20 events):
Event: 124.681 GC heap after
{Heap after GC invocations=65 (full 0):
 garbage-first heap   total 245760K, used 131107K [0x0000000600000000, 0x0000000800000000)
  region size 4096K, 1 young (4096K), 1 survivors (4096K)
 Metaspace       used 147959K, committed 148864K, reserved 1179648K
  class space    used 18962K, committed 19392K, reserved 1048576K
}
Event: 128.019 GC heap before
{Heap before GC invocations=66 (full 0):
 garbage-first heap   total 245760K, used 204835K [0x0000000600000000, 0x0000000800000000)
  region size 4096K, 19 young (77824K), 1 survivors (4096K)
 Metaspace       used 147961K, committed 148864K, reserved 1179648K
  class space    used 18962K, committed 19392K, reserved 1048576K
}
Event: 128.023 GC heap after
{Heap after GC invocations=67 (full 0):
 garbage-first heap   total 245760K, used 132062K [0x0000000600000000, 0x0000000800000000)
  region size 4096K, 1 young (4096K), 1 survivors (4096K)
 Metaspace       used 147961K, committed 148864K, reserved 1179648K
  class space    used 18962K, committed 19392K, reserved 1048576K
}
Event: 128.372 GC heap before
{Heap before GC invocations=67 (full 0):
 garbage-first heap   total 245760K, used 136158K [0x0000000600000000, 0x0000000800000000)
  region size 4096K, 3 young (12288K), 1 survivors (4096K)
 Metaspace       used 147961K, committed 148864K, reserved 1179648K
  class space    used 18962K, committed 19392K, reserved 1048576K
}
Event: 128.377 GC heap after
{Heap after GC invocations=68 (full 0):
 garbage-first heap   total 245760K, used 128917K [0x0000000600000000, 0x0000000800000000)
  region size 4096K, 1 young (4096K), 1 survivors (4096K)
 Metaspace       used 147961K, committed 148864K, reserved 1179648K
  class space    used 18962K, committed 19392K, reserved 1048576K
}
Event: 128.957 GC heap before
{Heap before GC invocations=68 (full 0):
 garbage-first heap   total 245760K, used 206741K [0x0000000600000000, 0x0000000800000000)
  region size 4096K, 20 young (81920K), 1 survivors (4096K)
 Metaspace       used 147964K, committed 148928K, reserved 1179648K
  class space    used 18962K, committed 19392K, reserved 1048576K
}
Event: 128.960 GC heap after
{Heap after GC invocations=69 (full 0):
 garbage-first heap   total 245760K, used 125318K [0x0000000600000000, 0x0000000800000000)
  region size 4096K, 1 young (4096K), 1 survivors (4096K)
 Metaspace       used 147964K, committed 148928K, reserved 1179648K
  class space    used 18962K, committed 19392K, reserved 1048576K
}
Event: 129.495 GC heap before
{Heap before GC invocations=69 (full 0):
 garbage-first heap   total 245760K, used 162182K [0x0000000600000000, 0x0000000800000000)
  region size 4096K, 11 young (45056K), 1 survivors (4096K)
 Metaspace       used 148561K, committed 149440K, reserved 1179648K
  class space    used 19048K, committed 19456K, reserved 1048576K
}
Event: 129.509 GC heap after
{Heap after GC invocations=70 (full 0):
 garbage-first heap   total 245760K, used 125767K [0x0000000600000000, 0x0000000800000000)
  region size 4096K, 1 young (4096K), 1 survivors (4096K)
 Metaspace       used 148561K, committed 149440K, reserved 1179648K
  class space    used 19048K, committed 19456K, reserved 1048576K
}
Event: 130.051 GC heap before
{Heap before GC invocations=71 (full 0):
 garbage-first heap   total 245760K, used 219975K [0x0000000600000000, 0x0000000800000000)
  region size 4096K, 22 young (90112K), 1 survivors (4096K)
 Metaspace       used 151203K, committed 152128K, reserved 1245184K
  class space    used 19231K, committed 19648K, reserved 1048576K
}
Event: 130.091 GC heap after
{Heap after GC invocations=72 (full 0):
 garbage-first heap   total 258048K, used 164501K [0x0000000600000000, 0x0000000800000000)
  region size 4096K, 3 young (12288K), 3 survivors (12288K)
 Metaspace       used 151203K, committed 152128K, reserved 1245184K
  class space    used 19231K, committed 19648K, reserved 1048576K
}
Event: 130.109 GC heap before
{Heap before GC invocations=72 (full 0):
 garbage-first heap   total 258048K, used 164501K [0x0000000600000000, 0x0000000800000000)
  region size 4096K, 4 young (16384K), 3 survivors (12288K)
 Metaspace       used 151266K, committed 152192K, reserved 1245184K
  class space    used 19234K, committed 19648K, reserved 1048576K
}
Event: 130.123 GC heap after
{Heap after GC invocations=73 (full 0):
 garbage-first heap   total 258048K, used 165483K [0x0000000600000000, 0x0000000800000000)
  region size 4096K, 1 young (4096K), 1 survivors (4096K)
 Metaspace       used 151266K, committed 152192K, reserved 1245184K
  class space    used 19234K, committed 19648K, reserved 1048576K
}
Event: 130.294 GC heap before
{Heap before GC invocations=73 (full 0):
 garbage-first heap   total 258048K, used 206443K [0x0000000600000000, 0x0000000800000000)
  region size 4096K, 11 young (45056K), 1 survivors (4096K)
 Metaspace       used 151463K, committed 152448K, reserved 1245184K
  class space    used 19260K, committed 19712K, reserved 1048576K
}
Event: 130.299 GC heap after
{Heap after GC invocations=74 (full 0):
 garbage-first heap   total 258048K, used 167392K [0x0000000600000000, 0x0000000800000000)
  region size 4096K, 1 young (4096K), 1 survivors (4096K)
 Metaspace       used 151463K, committed 152448K, reserved 1245184K
  class space    used 19260K, committed 19712K, reserved 1048576K
}
Event: 130.439 GC heap before
{Heap before GC invocations=74 (full 0):
 garbage-first heap   total 258048K, used 208352K [0x0000000600000000, 0x0000000800000000)
  region size 4096K, 11 young (45056K), 1 survivors (4096K)
 Metaspace       used 151730K, committed 152640K, reserved 1245184K
  class space    used 19285K, committed 19712K, reserved 1048576K
}
Event: 130.446 GC heap after
{Heap after GC invocations=75 (full 0):
 garbage-first heap   total 258048K, used 168860K [0x0000000600000000, 0x0000000800000000)
  region size 4096K, 2 young (8192K), 2 survivors (8192K)
 Metaspace       used 151730K, committed 152640K, reserved 1245184K
  class space    used 19285K, committed 19712K, reserved 1048576K
}
Event: 131.413 GC heap before
{Heap before GC invocations=76 (full 0):
 garbage-first heap   total 327680K, used 205724K [0x0000000600000000, 0x0000000800000000)
  region size 4096K, 12 young (49152K), 2 survivors (8192K)
 Metaspace       used 152187K, committed 153152K, reserved 1245184K
  class space    used 19326K, committed 19776K, reserved 1048576K
}
Event: 131.432 GC heap after
{Heap after GC invocations=77 (full 0):
 garbage-first heap   total 327680K, used 169446K [0x0000000600000000, 0x0000000800000000)
  region size 4096K, 1 young (4096K), 1 survivors (4096K)
 Metaspace       used 152187K, committed 153152K, reserved 1245184K
  class space    used 19326K, committed 19776K, reserved 1048576K
}
Event: 131.540 GC heap before
{Heap before GC invocations=77 (full 0):
 garbage-first heap   total 327680K, used 177638K [0x0000000600000000, 0x0000000800000000)
  region size 4096K, 4 young (16384K), 1 survivors (4096K)
 Metaspace       used 152298K, committed 153216K, reserved 1245184K
  class space    used 19340K, committed 19776K, reserved 1048576K
}

